<?xml version="1.0" encoding="UTF-8"?>
<testsuite xmlns:xsi="http://www.w3.org/2001/XMLSchema-instance" xsi:noNamespaceSchemaLocation="https://maven.apache.org/surefire/maven-surefire-plugin/xsd/surefire-test-report-3.0.xsd" version="3.0" name="com.example.evshare.validation.FoundationValidationTest" time="1.255" tests="5" errors="0" skipped="0" failures="0">
  <properties>
[...]
</properties>
  <testcase name="testInvalidDtoFailsWithViolations" classname="com.example.evshare.validation.FoundationValidationTest" time="0.062">
    <system-out><![CDATA[2026-09-06 20:25:14.366 [main] INFO  o.s.t.c.s.AnnotationConfigContextLoaderUtils - Could not detect default configuration classes for test class [com.example.evshare.validation.FoundationValidationTest]: FoundationValidationTest does not declare any static, non-private, non-final, nested classes annotated with @Configuration.
2026-09-06 20:25:14.375 [main] INFO  o.s.b.t.c.SpringBootTestContextBootstrapper - Found @SpringBootConfiguration com.example.evshare.EvShareApplication for test class com.example.evshare.validation.FoundationValidationTest

  .   ____          _            __ _ _
 /\\ / ___'_ __ _ _(_)_ __  __ _ \ \ \ \
( ( )\___ | '_ | '_| | '_ \/ _` | \ \ \ \
 \\/  ___)| |_)| | | | | || (_| |  ) ) ) )
  '  |____| .__|_| |_|_| |_\__, | / / / /
 =========|_|==============|___/=/_/_/_/
 :: Spring Boot ::                (v3.2.5)

2026-09-06 20:25:14.402 [main] INFO  c.e.e.v.FoundationValidationTest - Starting FoundationValidationTest using Java 25 with PID 29628 (started by MinhHiepPro in E:\EVShare3D\backend)
2026-09-06 20:25:14.402 [main] DEBUG c.e.e.v.FoundationValidationTest - Running with Spring Boot v3.2.5, Spring v6.1.6
2026-09-06 20:25:14.402 [main] INFO  c.e.e.v.FoundationValidationTest - The following 1 profile is active: "dev"
2026-09-06 20:25:14.403 [main] DEBUG o.s.w.c.s.GenericWebApplicationContext - Refreshing org.springframework.web.context.support.GenericWebApplicationContext@7440b783
2026-09-06 20:25:14.604 [main] INFO  o.s.d.r.c.RepositoryConfigurationDelegate - Bootstrapping Spring Data JPA repositories in DEFAULT mode.
2026-09-06 20:25:14.634 [main] INFO  o.s.d.r.c.RepositoryConfigurationDelegate - Finished Spring Data repository scanning in 30 ms. Found 27 JPA repository interfaces.
2026-09-06 20:25:14.693 [main] INFO  com.zaxxer.hikari.HikariDataSource - EvShareHikariPool - Starting...
2026-09-06 20:25:14.698 [main] INFO  com.zaxxer.hikari.pool.HikariPool - EvShareHikariPool - Added connection com.mysql.cj.jdbc.ConnectionImpl@34e8256b
2026-09-06 20:25:14.698 [main] INFO  com.zaxxer.hikari.HikariDataSource - EvShareHikariPool - Start completed.
2026-09-06 20:25:14.703 [main] DEBUG o.f.c.i.s.classpath.ClassPathScanner - Scanning for classpath resources at 'classpath:db/callback' ...
2026-09-06 20:25:14.703 [main] DEBUG o.f.c.i.s.classpath.ClassPathScanner - Determining location urls for classpath:db/callback using ClassLoader jdk.internal.loader.ClassLoaders$AppClassLoader@105be200 ...
2026-09-06 20:25:14.703 [main] DEBUG o.f.c.i.s.classpath.ClassPathScanner - Unable to resolve location classpath:db/callback.
2026-09-06 20:25:14.705 [main] DEBUG o.f.c.i.s.classpath.ClassPathScanner - Scanning for classpath resources at 'classpath:db/migration' ...
2026-09-06 20:25:14.705 [main] DEBUG o.f.c.i.s.classpath.ClassPathScanner - Determining location urls for classpath:db/migration using ClassLoader jdk.internal.loader.ClassLoaders$AppClassLoader@105be200 ...
2026-09-06 20:25:14.705 [main] DEBUG o.f.c.i.s.classpath.ClassPathScanner - Scanning URL: file:/E:/EVShare3D/backend/target/classes/db/migration
2026-09-06 20:25:14.705 [main] DEBUG o.f.c.i.s.c.FileSystemClassPathLocationScanner - Scanning starting at classpath root in filesystem: E:\EVShare3D\backend\target\classes\
2026-09-06 20:25:14.705 [main] DEBUG o.f.c.i.s.c.FileSystemClassPathLocationScanner - Scanning for resources in path: E:\EVShare3D\backend\target\classes\db\migration (db/migration)
2026-09-06 20:25:14.706 [main] DEBUG o.f.c.i.s.classpath.ClassPathScanner - Found resource: db/migration/V1__init_security_and_users.sql
2026-09-06 20:25:14.706 [main] DEBUG o.f.c.i.s.classpath.ClassPathScanner - Found resource: db/migration/V2__init_vehicles_and_ownership.sql
2026-09-06 20:25:14.706 [main] DEBUG o.f.c.i.s.classpath.ClassPathScanner - Found resource: db/migration/V3__init_contracts.sql
2026-09-06 20:25:14.706 [main] DEBUG o.f.c.i.s.classpath.ClassPathScanner - Found resource: db/migration/V4__init_bookings_sessions_and_services.sql
2026-09-06 20:25:14.706 [main] DEBUG o.f.c.i.s.classpath.ClassPathScanner - Found resource: db/migration/V5__init_finance_funds_and_payments.sql
2026-09-06 20:25:14.706 [main] DEBUG o.f.c.i.s.classpath.ClassPathScanner - Found resource: db/migration/V6__init_governance_and_disputes.sql
2026-09-06 20:25:14.706 [main] DEBUG o.f.c.i.s.classpath.ClassPathScanner - Found resource: db/migration/V7__init_notifications_ai_and_audit.sql
2026-09-06 20:25:14.706 [main] DEBUG o.f.c.i.s.classpath.ClassPathScanner - Scanning for classes at classpath:db/migration
2026-09-06 20:25:14.706 [main] DEBUG o.f.c.i.r.ResourceNameValidator - Validating V7__init_notifications_ai_and_audit.sql
2026-09-06 20:25:14.706 [main] DEBUG o.f.c.i.r.ResourceNameValidator - Validating V3__init_contracts.sql
2026-09-06 20:25:14.706 [main] DEBUG o.f.c.i.r.ResourceNameValidator - Validating V4__init_bookings_sessions_and_services.sql
2026-09-06 20:25:14.706 [main] DEBUG o.f.c.i.r.ResourceNameValidator - Validating V1__init_security_and_users.sql
2026-09-06 20:25:14.706 [main] DEBUG o.f.c.i.r.ResourceNameValidator - Validating V5__init_finance_funds_and_payments.sql
2026-09-06 20:25:14.706 [main] DEBUG o.f.c.i.r.ResourceNameValidator - Validating V2__init_vehicles_and_ownership.sql
2026-09-06 20:25:14.706 [main] DEBUG o.f.c.i.r.ResourceNameValidator - Validating V6__init_governance_and_disputes.sql
2026-09-06 20:25:14.710 [main] INFO  org.flywaydb.core.FlywayExecutor - Database: jdbc:mysql://localhost:3306/evshare_db (MySQL 8.0)
2026-09-06 20:25:14.710 [main] DEBUG org.flywaydb.core.FlywayExecutor - Driver: MySQL Connector/J mysql-connector-j-8.3.0 (Revision: 805f872a57875f311cb82487efcfb070411a3fa0)
2026-09-06 20:25:14.710 [main] DEBUG org.flywaydb.core.FlywayExecutor - DDL Transactions Supported: false
2026-09-06 20:25:14.710 [main] DEBUG o.f.c.i.s.SchemaHistoryFactory - Schemas: 
2026-09-06 20:25:14.710 [main] DEBUG o.f.c.i.s.SchemaHistoryFactory - Default schema: null
2026-09-06 20:25:14.713 [main] DEBUG o.f.c.i.c.SqlScriptCallbackFactory - Scanning for SQL callbacks ...
2026-09-06 20:25:14.714 [main] DEBUG o.f.core.internal.command.DbValidate - Validating migrations ...
2026-09-06 20:25:14.716 [main] DEBUG o.f.core.internal.scanner.Scanner - Filtering out resource: db/migration/V7__init_notifications_ai_and_audit.sql (filename: V7__init_notifications_ai_and_audit.sql)
2026-09-06 20:25:14.716 [main] DEBUG o.f.core.internal.scanner.Scanner - Filtering out resource: db/migration/V3__init_contracts.sql (filename: V3__init_contracts.sql)
2026-09-06 20:25:14.716 [main] DEBUG o.f.core.internal.scanner.Scanner - Filtering out resource: db/migration/V4__init_bookings_sessions_and_services.sql (filename: V4__init_bookings_sessions_and_services.sql)
2026-09-06 20:25:14.716 [main] DEBUG o.f.core.internal.scanner.Scanner - Filtering out resource: db/migration/V1__init_security_and_users.sql (filename: V1__init_security_and_users.sql)
2026-09-06 20:25:14.716 [main] DEBUG o.f.core.internal.scanner.Scanner - Filtering out resource: db/migration/V5__init_finance_funds_and_payments.sql (filename: V5__init_finance_funds_and_payments.sql)
2026-09-06 20:25:14.716 [main] DEBUG o.f.core.internal.scanner.Scanner - Filtering out resource: db/migration/V2__init_vehicles_and_ownership.sql (filename: V2__init_vehicles_and_ownership.sql)
2026-09-06 20:25:14.716 [main] DEBUG o.f.core.internal.scanner.Scanner - Filtering out resource: db/migration/V6__init_governance_and_disputes.sql (filename: V6__init_governance_and_disputes.sql)
2026-09-06 20:25:14.716 [main] DEBUG o.f.core.internal.scanner.Scanner - Filtering out resource: db/migration/V7__init_notifications_ai_and_audit.sql (filename: V7__init_notifications_ai_and_audit.sql)
2026-09-06 20:25:14.716 [main] DEBUG o.f.core.internal.scanner.Scanner - Filtering out resource: db/migration/V3__init_contracts.sql (filename: V3__init_contracts.sql)
2026-09-06 20:25:14.716 [main] DEBUG o.f.core.internal.scanner.Scanner - Filtering out resource: db/migration/V4__init_bookings_sessions_and_services.sql (filename: V4__init_bookings_sessions_and_services.sql)
2026-09-06 20:25:14.716 [main] DEBUG o.f.core.internal.scanner.Scanner - Filtering out resource: db/migration/V1__init_security_and_users.sql (filename: V1__init_security_and_users.sql)
2026-09-06 20:25:14.716 [main] DEBUG o.f.core.internal.scanner.Scanner - Filtering out resource: db/migration/V5__init_finance_funds_and_payments.sql (filename: V5__init_finance_funds_and_payments.sql)
2026-09-06 20:25:14.716 [main] DEBUG o.f.core.internal.scanner.Scanner - Filtering out resource: db/migration/V2__init_vehicles_and_ownership.sql (filename: V2__init_vehicles_and_ownership.sql)
2026-09-06 20:25:14.716 [main] DEBUG o.f.core.internal.scanner.Scanner - Filtering out resource: db/migration/V6__init_governance_and_disputes.sql (filename: V6__init_governance_and_disputes.sql)
2026-09-06 20:25:14.722 [main] INFO  o.f.core.internal.command.DbValidate - Successfully validated 7 migrations (execution time 00:00.008s)
2026-09-06 20:25:14.723 [main] DEBUG o.f.core.internal.command.DbSchemas - Skipping creation of existing schema: `evshare_db`
2026-09-06 20:25:14.729 [main] INFO  o.f.core.internal.command.DbMigrate - Current version of schema `evshare_db`: 7
2026-09-06 20:25:14.729 [main] INFO  o.f.core.internal.command.DbMigrate - Schema `evshare_db` is up to date. No migration necessary.
2026-09-06 20:25:14.730 [main] DEBUG org.flywaydb.core.FlywayExecutor - Memory usage: 91 of 148M
2026-09-06 20:25:14.748 [main] INFO  o.h.jpa.internal.util.LogHelper - HHH000204: Processing PersistenceUnitInfo [name: default]
2026-09-06 20:25:14.749 [main] INFO  o.h.c.i.RegionFactoryInitiator - HHH000026: Second-level cache disabled
2026-09-06 20:25:14.753 [main] INFO  o.s.o.j.p.SpringPersistenceUnitInfo - No LoadTimeWeaver setup: ignoring JPA class transformer
2026-09-06 20:25:14.755 [main] WARN  org.hibernate.orm.deprecation - HHH90000025: MySQLDialect does not need to be specified explicitly using 'hibernate.dialect' (remove the property setting and it will be selected by default)
2026-09-06 20:25:14.755 [main] DEBUG o.h.t.d.sql.spi.DdlTypeRegistry - addDescriptor(12, org.hibernate.type.descriptor.sql.internal.CapacityDependentDdlType@23edc081) replaced previous registration(org.hibernate.type.descriptor.sql.internal.CapacityDependentDdlType@46aa79a3)
2026-09-06 20:25:14.755 [main] DEBUG o.h.t.d.sql.spi.DdlTypeRegistry - addDescriptor(-9, org.hibernate.type.descriptor.sql.internal.CapacityDependentDdlType@1c81f231) replaced previous registration(org.hibernate.type.descriptor.sql.internal.CapacityDependentDdlType@1a799c73)
2026-09-06 20:25:14.755 [main] DEBUG o.h.t.d.sql.spi.DdlTypeRegistry - addDescriptor(-3, org.hibernate.type.descriptor.sql.internal.CapacityDependentDdlType@57ddbe75) replaced previous registration(org.hibernate.type.descriptor.sql.internal.CapacityDependentDdlType@42afb24c)
2026-09-06 20:25:14.755 [main] DEBUG o.h.t.d.sql.spi.DdlTypeRegistry - addDescriptor(4003, org.hibernate.type.descriptor.sql.internal.DdlTypeImpl@51acd052) replaced previous registration(org.hibernate.type.descriptor.sql.internal.DdlTypeImpl@7e04410)
2026-09-06 20:25:14.755 [main] DEBUG o.h.t.d.sql.spi.DdlTypeRegistry - addDescriptor(4001, org.hibernate.type.descriptor.sql.internal.DdlTypeImpl@3d746c8f) replaced previous registration(org.hibernate.type.descriptor.sql.internal.DdlTypeImpl@27684bf)
2026-09-06 20:25:14.755 [main] DEBUG o.h.t.d.sql.spi.DdlTypeRegistry - addDescriptor(4002, org.hibernate.type.descriptor.sql.internal.DdlTypeImpl@356feae3) replaced previous registration(org.hibernate.type.descriptor.sql.internal.DdlTypeImpl@302ae89a)
2026-09-06 20:25:14.755 [main] DEBUG o.h.t.d.sql.spi.DdlTypeRegistry - addDescriptor(2004, org.hibernate.type.descriptor.sql.internal.CapacityDependentDdlType@2ea4fa04) replaced previous registration(org.hibernate.type.descriptor.sql.internal.DdlTypeImpl@1841d013)
2026-09-06 20:25:14.755 [main] DEBUG o.h.t.d.sql.spi.DdlTypeRegistry - addDescriptor(2005, org.hibernate.type.descriptor.sql.internal.CapacityDependentDdlType@5233090a) replaced previous registration(org.hibernate.type.descriptor.sql.internal.DdlTypeImpl@35ba45ee)
2026-09-06 20:25:14.755 [main] DEBUG o.h.t.d.sql.spi.DdlTypeRegistry - addDescriptor(2011, org.hibernate.type.descriptor.sql.internal.CapacityDependentDdlType@3cc7ed87) replaced previous registration(org.hibernate.type.descriptor.sql.internal.DdlTypeImpl@2a906344)
2026-09-06 20:25:14.995 [main] INFO  o.h.e.t.j.p.i.JtaPlatformInitiator - HHH000489: No JTA platform available (set 'hibernate.transaction.jta.platform' to enable JTA platform integration)
2026-09-06 20:25:15.006 [main] INFO  o.s.o.j.LocalContainerEntityManagerFactoryBean - Initialized JPA EntityManagerFactory for persistence unit 'default'
2026-09-06 20:25:15.150 [main] INFO  o.s.b.a.e.web.EndpointLinksResolver - Exposing 3 endpoint(s) beneath base path '/actuator'
2026-09-06 20:25:15.184 [main] DEBUG o.s.w.s.m.m.a.RequestMappingHandlerMapping - 8 mappings in 'requestMappingHandlerMapping'
2026-09-06 20:25:15.197 [main] DEBUG o.s.w.s.h.SimpleUrlHandlerMapping - Patterns [/webjars/**, /**, /swagger-ui*/*swagger-initializer.js, /swagger-ui*/**] in 'resourceHandlerMapping'
2026-09-06 20:25:15.208 [main] DEBUG o.s.w.s.m.m.a.RequestMappingHandlerAdapter - ControllerAdvice beans: 0 @ModelAttribute, 0 @InitBinder, 1 RequestBodyAdvice, 1 ResponseBodyAdvice
2026-09-06 20:25:15.215 [main] DEBUG o.s.w.s.m.m.a.ExceptionHandlerExceptionResolver - ControllerAdvice beans: 2 @ExceptionHandler, 1 ResponseBodyAdvice
2026-09-06 20:25:15.472 [main] DEBUG o.s.w.f.ServerHttpObservationFilter - Filter 'webMvcObservationFilter' configured for use
2026-09-06 20:25:15.472 [main] INFO  o.s.b.t.m.w.SpringBootMockServletContext - Initializing Spring TestDispatcherServlet ''
2026-09-06 20:25:15.472 [main] INFO  o.s.t.w.s.TestDispatcherServlet - Initializing Servlet ''
2026-09-06 20:25:15.473 [main] INFO  o.s.t.w.s.TestDispatcherServlet - Completed initialization in 1 ms
2026-09-06 20:25:15.488 [main] INFO  c.e.e.v.FoundationValidationTest - Started FoundationValidationTest in 1.108 seconds (process running for 13.136)
]]></system-out>
  </testcase>
  <testcase name="testValidationFailureHttpEnvelope" classname="com.example.evshare.validation.FoundationValidationTest" time="0.043">
    <system-out><![CDATA[2026-09-06 20:25:15.560 [main] DEBUG o.s.w.s.m.m.a.RequestMappingHandlerMapping - Mapped to com.example.evshare.validation.FoundationValidationTest$TestValidationController#validateInput(SampleValidationDto)
2026-09-06 20:25:15.579 [main] DEBUG o.s.w.s.m.m.a.RequestResponseBodyMethodProcessor - Read "application/json;charset=UTF-8" to [com.example.evshare.validation.FoundationValidationTest$SampleValidationDto@4bf17184]
2026-09-06 20:25:15.589 [main] DEBUG o.s.w.s.m.m.a.ExceptionHandlerExceptionResolver - Using @ExceptionHandler com.example.evshare.exception.GlobalExceptionHandler#handleMethodArgumentNotValid(MethodArgumentNotValidException, HttpServletRequest)
2026-09-06 20:25:15.589 [main] WARN  c.e.e.e.GlobalExceptionHandler - Validation error on request body [/api/v1/test/validate]: 4 field error(s)
2026-09-06 20:25:15.592 [main] DEBUG o.s.w.s.m.m.a.HttpEntityMethodProcessor - Using 'application/json', given [*/*] and supported [application/json, application/*+json]
2026-09-06 20:25:15.592 [main] DEBUG o.s.w.s.m.m.a.HttpEntityMethodProcessor - Writing [com.example.evshare.dto.response.ApiErrorResponse@37f208ba]
2026-09-06 20:25:15.594 [main] DEBUG o.s.w.s.m.m.a.ExceptionHandlerExceptionResolver - Resolved [org.springframework.web.bind.MethodArgumentNotValidException: Validation failed for argument [0] in public java.lang.String com.example.evshare.validation.FoundationValidationTest$TestValidationController.validateInput(com.example.evshare.validation.FoundationValidationTest$SampleValidationDto) with 4 errors: [Field error in object 'sampleValidationDto' on field 'username': rejected value []; codes [NotBlank.sampleValidationDto.username,NotBlank.username,NotBlank.java.lang.String,NotBlank]; arguments [org.springframework.context.support.DefaultMessageSourceResolvable: codes [sampleValidationDto.username,username]; arguments []; default message [username]]; default message [Username cannot be blank]] [Field error in object 'sampleValidationDto' on field 'email': rejected value [bad-email-format]; codes [Email.sampleValidationDto.email,Email.email,Email.java.lang.String,Email]; arguments [org.springframework.context.support.DefaultMessageSourceResolvable: codes [sampleValidationDto.email,email]; arguments []; default message [email],[Ljakarta.validation.constraints.Pattern$Flag;@721fadb4,.*]; default message [Email must be valid]] [Field error in object 'sampleValidationDto' on field 'username': rejected value []; codes [Size.sampleValidationDto.username,Size.username,Size.java.lang.String,Size]; arguments [org.springframework.context.support.DefaultMessageSourceResolvable: codes [sampleValidationDto.username,username]; arguments []; default message [username],20,3]; default message [Username must be between 3 and 20 characters]] [Field error in object 'sampleValidationDto' on field 'age': rejected value [15]; codes [Min.sampleValidationDto.age,Min.age,Min.java.lang.Integer,Min]; arguments [org.springframework.context.support.DefaultMessageSourceResolvable: codes [sampleValidationDto.age,age]; arguments []; default message [age],18]; default message [Age must be at least 18]] ]
]]></system-out>
  </testcase>
  <testcase name="testValidDtoPasses" classname="com.example.evshare.validation.FoundationValidationTest" time="0.006"/>
  <testcase name="testSpringValidatorInjected" classname="com.example.evshare.validation.FoundationValidationTest" time="0.004"/>
  <testcase name="testValidationSuccessHttp" classname="com.example.evshare.validation.FoundationValidationTest" time="0.01">
    <system-out><![CDATA[2026-09-06 20:25:15.612 [main] DEBUG o.s.w.s.m.m.a.RequestMappingHandlerMapping - Mapped to com.example.evshare.validation.FoundationValidationTest$TestValidationController#validateInput(SampleValidationDto)
2026-09-06 20:25:15.613 [main] DEBUG o.s.w.s.m.m.a.RequestResponseBodyMethodProcessor - Read "application/json;charset=UTF-8" to [com.example.evshare.validation.FoundationValidationTest$SampleValidationDto@2ddbc030]
2026-09-06 20:25:15.615 [main] DEBUG o.s.w.s.m.m.a.RequestResponseBodyMethodProcessor - Using 'text/plain', given [*/*] and supported [text/plain, */*, application/json, application/*+json]
2026-09-06 20:25:15.615 [main] DEBUG o.s.w.s.m.m.a.RequestResponseBodyMethodProcessor - Writing ["VALID"]
]]></system-out>
  </testcase>
</testsuite>